<?xml version="1.0" encoding="UTF-8"?>
<!-- Generated by org.testng.reporters.JUnitReportReporter -->
<testsuite hostname="ENG-LPT-1074.local" failures="0" tests="1" name="CafeZupasAutomation.CafeZupasApp.secondTest" time="13.957" errors="0" timestamp="2025-01-02T15:15:57 PKT" skipped="0">
  <testcase classname="CafeZupasAutomation.CafeZupasApp.secondTest" name="LoginTestWithWrongCreds" time="13.957"/>
  <system-out/>
</testsuite> <!-- CafeZupasAutomation.CafeZupasApp.secondTest -->
