<?xml version="1.0" encoding="UTF-8"?>
<!-- Generated by org.testng.reporters.JUnitReportReporter -->
<testsuite hostname="ENG-LPT-1074.local" failures="0" tests="1" name="CafeZupasAutomation.CafeZupasApp.longPress" time="10.123" errors="0" timestamp="2025-01-02T15:03:18 PKT" skipped="0">
  <testcase classname="CafeZupasAutomation.CafeZupasApp.longPress" name="LongPress" time="10.123"/>
  <system-out/>
</testsuite> <!-- CafeZupasAutomation.CafeZupasApp.longPress -->
