<?xml version="1.0" encoding="UTF-8"?>
<!-- Generated by org.testng.reporters.JUnitReportReporter -->
<testsuite hostname="ENG-LPT-1074.local" failures="0" tests="1" name="CafeZupasAutomation.CafeZupasApp.firstTest" time="13.994" errors="0" timestamp="2025-01-01T14:09:37 PKT" skipped="0">
  <testcase classname="CafeZupasAutomation.CafeZupasApp.firstTest" name="LoginTest" time="13.994"/>
  <system-out/>
</testsuite> <!-- CafeZupasAutomation.CafeZupasApp.firstTest -->
